<?xml version="1.0" encoding="UTF-8"?>
<robot generator="Robot 4.1.3 (Python 3.8.2 on darwin)" generated="20220228 09:41:44.113" rpa="false" schemaversion="2">
<suite id="s1" name="Example" source="/Users/dj/__work/collabim/prog_kurz/lekce7/robot/example.robot">
<kw name="Open Browser" library="Selenium2Library" type="SETUP">
<arg>${URL}</arg>
<arg>${BROWSER}</arg>
<doc>Opens a new browser instance to the optional ``url``.</doc>
<msg timestamp="20220228 09:41:44.184" level="INFO">Opening browser 'Chrome' to base url 'http://localhost:8082/lekce3/neco.html'.</msg>
<status status="PASS" starttime="20220228 09:41:44.183" endtime="20220228 09:41:47.452"/>
</kw>
<test id="s1-t1" name="Perform test for lekce3 - neco.html function">
<kw name="Sleep" library="BuiltIn">
<arg>2s</arg>
<doc>Pauses the test executed for the given time.</doc>
<msg timestamp="20220228 09:41:49.455" level="INFO">Slept 2 seconds</msg>
<status status="PASS" starttime="20220228 09:41:47.453" endtime="20220228 09:41:49.455"/>
</kw>
<kw name="Wait Until Element Is Visible" library="Selenium2Library">
<arg>${hideButtonId}</arg>
<doc>Waits until the element ``locator`` is visible.</doc>
<status status="PASS" starttime="20220228 09:41:49.455" endtime="20220228 09:41:49.471"/>
</kw>
<kw name="Click Element" library="Selenium2Library">
<arg>${hideButtonId}</arg>
<doc>Click the element identified by ``locator``.</doc>
<msg timestamp="20220228 09:41:49.471" level="INFO">Clicking element 'myButton1'.</msg>
<status status="PASS" starttime="20220228 09:41:49.471" endtime="20220228 09:41:49.488"/>
</kw>
<kw name="Sleep" library="BuiltIn">
<arg>2s</arg>
<doc>Pauses the test executed for the given time.</doc>
<msg timestamp="20220228 09:41:51.491" level="INFO">Slept 2 seconds</msg>
<status status="PASS" starttime="20220228 09:41:49.489" endtime="20220228 09:41:51.491"/>
</kw>
<kw name="Wait Until Element Is Visible" library="Selenium2Library">
<arg>${replaceButtonId}</arg>
<doc>Waits until the element ``locator`` is visible.</doc>
<status status="PASS" starttime="20220228 09:41:51.491" endtime="20220228 09:41:51.508"/>
</kw>
<kw name="Click Element" library="Selenium2Library">
<arg>${replaceButtonId}</arg>
<doc>Click the element identified by ``locator``.</doc>
<msg timestamp="20220228 09:41:51.509" level="INFO">Clicking element 'myButton2'.</msg>
<status status="PASS" starttime="20220228 09:41:51.508" endtime="20220228 09:41:51.528"/>
</kw>
<kw name="Sleep" library="BuiltIn">
<arg>2s</arg>
<doc>Pauses the test executed for the given time.</doc>
<msg timestamp="20220228 09:41:53.530" level="INFO">Slept 2 seconds</msg>
<status status="PASS" starttime="20220228 09:41:51.528" endtime="20220228 09:41:53.531"/>
</kw>
<kw name="Element Should Be Visible" library="Selenium2Library">
<arg>${h2Id}</arg>
<doc>Verifies that the element identified by ``locator`` is visible.</doc>
<msg timestamp="20220228 09:41:53.543" level="INFO">Element 'h2' is displayed.</msg>
<status status="PASS" starttime="20220228 09:41:53.531" endtime="20220228 09:41:53.543"/>
</kw>
<kw name="Element Should Contain" library="Selenium2Library">
<arg>${h2Id}</arg>
<arg>${h2TextAfterReplacing}</arg>
<doc>Verifies that element ``locator`` contains text ``expected``.</doc>
<msg timestamp="20220228 09:41:53.554" level="INFO">Element 'h2' contains text 'nahrazeniH2'.</msg>
<status status="PASS" starttime="20220228 09:41:53.543" endtime="20220228 09:41:53.554"/>
</kw>
<kw name="Sleep" library="BuiltIn">
<arg>2</arg>
<doc>Pauses the test executed for the given time.</doc>
<msg timestamp="20220228 09:41:55.555" level="INFO">Slept 2 seconds</msg>
<status status="PASS" starttime="20220228 09:41:53.554" endtime="20220228 09:41:55.555"/>
</kw>
<status status="PASS" starttime="20220228 09:41:47.452" endtime="20220228 09:41:55.555"/>
</test>
<kw name="Close All Browsers" library="Selenium2Library" type="TEARDOWN">
<doc>Closes all open browsers and resets the browser cache.</doc>
<status status="PASS" starttime="20220228 09:41:55.556" endtime="20220228 09:41:55.616"/>
</kw>
<status status="PASS" starttime="20220228 09:41:44.114" endtime="20220228 09:41:55.616"/>
</suite>
<statistics>
<total>
<stat pass="1" fail="0" skip="0">All Tests</stat>
</total>
<tag>
</tag>
<suite>
<stat pass="1" fail="0" skip="0" id="s1" name="Example">Example</stat>
</suite>
</statistics>
<errors>
</errors>
</robot>
